{"uuid": "371a3294-7c42-4ad5-af64-384c6fc2977c", "historyId": "d9e346002b63349ad51101a347ad958c", "name": "run a simple test", "labels": [{"value": "normal", "name": "severity"}, {"value": "showing off behave", "name": "feature"}, {"value": "behave", "name": "framework"}, {"value": "cpython3", "name": "language"}], "steps": [{"stop": 1593794399686, "start": 1593794399686, "name": "Given we have behave installed", "status": "passed"}, {"stop": 1593794399687, "start": 1593794399687, "name": "When we implement a test", "status": "passed"}, {"statusDetails": {"message": "AssertionError\n", "trace": "  File \"/home/scarlet/Projects/PyEnvs/Automation/QAEnv/lib/python3.5/site-packages/behave/model.py\", line 1329, in run\n    match.run(runner.context)\n  File \"/home/scarlet/Projects/PyEnvs/Automation/QAEnv/lib/python3.5/site-packages/behave/matchers.py\", line 98, in run\n    self.func(context, *args, **kwargs)\n  File \"features/steps/tutorial.py\", line 16, in step_impl\n    assert context.failed is False\n"}, "stop": 1593794399688, "start": 1593794399687, "name": "Then behave will test it for us!", "status": "failed"}], "stop": 1593794399749, "start": 1593794398071, "statusDetails": {"message": "AssertionError\n", "trace": "  File \"/home/scarlet/Projects/PyEnvs/Automation/QAEnv/lib/python3.5/site-packages/behave/model.py\", line 1329, in run\n    match.run(runner.context)\n  File \"/home/scarlet/Projects/PyEnvs/Automation/QAEnv/lib/python3.5/site-packages/behave/matchers.py\", line 98, in run\n    self.func(context, *args, **kwargs)\n  File \"features/steps/tutorial.py\", line 16, in step_impl\n    assert context.failed is False\n"}, "status": "failed"}